<?xml version="1.0" encoding="UTF-8"?>
<!-- Generated by org.testng.reporters.JUnitReportReporter -->
<testsuite skipped="0" hostname="LAPTOP-TVI1ELCL" name="Testng.LOGINwithAssertcondition" tests="2" failures="0" timestamp="2022-01-17T14:57:47 IST" time="26.508" errors="0">
  <testcase name="OpenBrowserAndLogin" time="19.616" classname="Testng.LOGINwithAssertcondition"/>
  <system-out/>
  <testcase name="logoutAndClose" time="6.892" classname="Testng.LOGINwithAssertcondition"/>
  <system-out/>
</testsuite> <!-- Testng.LOGINwithAssertcondition -->
