<?xml version="1.0" encoding="UTF-8"?>
<!-- Generated by org.testng.reporters.JUnitReportReporter -->
<testsuite skipped="0" hostname="LAPTOP-TVI1ELCL" name="Testng.NewTest1" tests="6" failures="0" timestamp="2022-01-14T16:38:36 IST" time="0.006" errors="0">
  <testcase name="testCaseFour" time="0.001" classname="Testng.NewTest1"/>
  <system-out/>
  <testcase name="testCaseOne" time="0.002" classname="Testng.NewTest1"/>
  <system-out/>
  <testcase name="testCaseThree" time="0.001" classname="Testng.NewTest1"/>
  <system-out/>
  <testcase name="testCaseSix" time="0.001" classname="Testng.NewTest1"/>
  <system-out/>
  <testcase name="testCaseTwo" time="0.000" classname="Testng.NewTest1"/>
  <system-out/>
  <testcase name="testCaseFive" time="0.001" classname="Testng.NewTest1"/>
  <system-out/>
</testsuite> <!-- Testng.NewTest1 -->
