<?xml version="1.0" encoding="UTF-8"?>
<!-- Generated by org.testng.reporters.JUnitReportReporter -->
<testsuite skipped="0" hostname="LAPTOP-TVI1ELCL" name="Testng.descriptiontest" tests="3" failures="0" timestamp="2022-01-14T16:38:36 IST" time="0.001" errors="0">
  <testcase name="loginWithEmpty" time="0.000" classname="Testng.descriptiontest"/>
  <system-out/>
  <testcase name="loginWithValidUser" time="0.000" classname="Testng.descriptiontest"/>
  <system-out/>
  <testcase name="loginWithInValidUser" time="0.001" classname="Testng.descriptiontest"/>
  <system-out/>
</testsuite> <!-- Testng.descriptiontest -->
