<?xml version="1.0" encoding="UTF-8"?>
<!-- Generated by org.testng.reporters.JUnitReportReporter -->
<testsuite skipped="0" hostname="LAPTOP-TVI1ELCL" name="Testng.Dependontest" tests="3" failures="0" timestamp="2022-01-14T16:38:36 IST" time="0.007" errors="0">
  <testcase name="webStudentLogin" time="0.001" classname="Testng.Dependontest"/>
  <system-out/>
  <testcase name="ApiStudentLogin" time="0.003" classname="Testng.Dependontest"/>
  <system-out/>
  <testcase name="MobileStudentLogin" time="0.003" classname="Testng.Dependontest"/>
  <system-out/>
</testsuite> <!-- Testng.Dependontest -->
