<?xml version="1.0" encoding="UTF-8"?>
<!-- Generated by org.testng.reporters.JUnitReportReporter -->
<testsuite skipped="0" hostname="LAPTOP-TVI1ELCL" name="switching.trainhw" tests="1" failures="0" timestamp="2022-01-20T16:25:00 IST" time="14.978" errors="0">
  <testcase name="testwindow" time="14.978" classname="switching.trainhw"/>
  <system-out/>
</testsuite> <!-- switching.trainhw -->
