<?xml version="1.0" encoding="UTF-8"?>
<!-- Generated by org.testng.reporters.JUnitReportReporter -->
<testsuite skipped="0" hostname="LAPTOP-TVI1ELCL" name="Testng.WriteData" tests="1" failures="0" timestamp="2022-01-20T22:55:05 IST" time="1.755" errors="0">
  <testcase name="getSheetName" time="1.755" classname="Testng.WriteData"/>
  <system-out/>
</testsuite> <!-- Testng.WriteData -->
