<?xml version="1.0" encoding="UTF-8"?>
<!-- Generated by org.testng.reporters.JUnitReportReporter -->
<testsuite skipped="0" hostname="LAPTOP-TVI1ELCL" name="Testng.activeTimeTask" tests="1" failures="0" timestamp="2022-01-14T16:38:36 IST" time="11.964" errors="0">
  <testcase name="OpenBrowserAndLogin" time="11.964" classname="Testng.activeTimeTask"/>
  <system-out/>
</testsuite> <!-- Testng.activeTimeTask -->
