<?xml version="1.0" encoding="UTF-8"?>
<!-- Generated by org.testng.reporters.JUnitReportReporter -->
<testsuite skipped="1" hostname="LAPTOP-TVI1ELCL" name="Testng.withEnabled" tests="3" failures="0" timestamp="2022-01-14T16:38:36 IST" time="0.005" errors="0">
  <testcase name="c_language" time="0.004" classname="Testng.withEnabled"/>
  <system-out/>
  <testcase name="java" time="0.001" classname="Testng.withEnabled"/>
  <system-out/>
  <testcase name="jira" classname="Testng.withEnabled">
    <skipped/>
  </testcase> <!-- jira -->
  <system-out/>
</testsuite> <!-- Testng.withEnabled -->
