<?xml version="1.0" encoding="UTF-8"?>
<!-- Generated by org.testng.reporters.JUnitReportReporter -->
<testsuite skipped="0" hostname="LAPTOP-TVI1ELCL" name="Testng.NewTestmegha$NewTest1" tests="2" failures="0" timestamp="2022-01-17T10:39:48 IST" time="0.016" errors="0">
  <testcase name="testCaseFive" time="0.014" classname="Testng.NewTestmegha$NewTest1"/>
  <system-out/>
  <testcase name="testCaseThree" time="0.002" classname="Testng.NewTestmegha$NewTest1"/>
  <system-out/>
</testsuite> <!-- Testng.NewTestmegha$NewTest1 -->
