<?xml version="1.0" encoding="UTF-8"?>
<!-- Generated by org.testng.reporters.JUnitReportReporter -->
<testsuite skipped="0" hostname="LAPTOP-TVI1ELCL" name="Testng.GoogleAplicationwithBeforeAfterMethod" tests="2" failures="0" timestamp="2022-01-14T16:38:36 IST" time="9.146" errors="0">
  <testcase name="testgoogleLandingPage" time="5.230" classname="Testng.GoogleAplicationwithBeforeAfterMethod"/>
  <system-out/>
  <testcase name="testSearch" time="3.916" classname="Testng.GoogleAplicationwithBeforeAfterMethod"/>
  <system-out/>
</testsuite> <!-- Testng.GoogleAplicationwithBeforeAfterMethod -->
